<?xml version="1.0" encoding="UTF-8"?>
<testsuite xmlns:xsi="http://www.w3.org/2001/XMLSchema-instance" xsi:noNamespaceSchemaLocation="https://maven.apache.org/surefire/maven-surefire-plugin/xsd/surefire-test-report.xsd" name="Usario should be able to login" time="0.229" tests="1" errors="0" skipped="1" failures="0">
  <properties>
[...]
</properties>
  <testcase name="Login as a Usario" classname="Usario should be able to login" time="0">
    <skipped message="The step &quot;the user is on the login page&quot; is undefined. You can implement it using the snippet(s) below:&#10;&#10;@Given(&quot;the user is on the login page&quot;)&#10;public void the_user_is_on_the_login_page() {&#10;    // Write code here that turns the phrase above into concrete actions&#10;    throw new io.cucumber.java.PendingException();&#10;}&#10;&#10;&#10;Some other steps were also undefined:&#10;&#10;@When(&quot;the user enters the usario information&quot;)&#10;public void the_user_enters_the_usario_information() {&#10;    // Write code here that turns the phrase above into concrete actions&#10;    throw new io.cucumber.java.PendingException();&#10;}&#10;@Then(&quot;the user should be able to login&quot;)&#10;public void the_user_should_be_able_to_login() {&#10;    // Write code here that turns the phrase above into concrete actions&#10;    throw new io.cucumber.java.PendingException();&#10;}&#10;"/>
    <system-out><![CDATA[Jan 11, 2021 4:20:00 AM io.cucumber.junit.Cucumber <init>
WARNING: By default Cucumber is running in --non-strict mode.
This default will change to --strict and --non-strict will be removed.
You can use --strict or @CucumberOptions(strict = true) to suppress this warning

&amp#27;[33mUndefined scenarios:&amp#27;[0m
&amp#27;[33mfile:///C:/Users/user/Desktop/DOMINOS/src/test/resources/features/Login.feature:4&amp#27;[0m# Login as a Usario

1 Scenarios (&amp#27;[33m1 undefined&amp#27;[0m)
3 Steps (&amp#27;[33m3 undefined&amp#27;[0m)
0m0.237s


You can implement missing steps with the snippets below:

@Given("the user is on the login page")
public void the_user_is_on_the_login_page() {
    // Write code here that turns the phrase above into concrete actions
    throw new io.cucumber.java.PendingException();
}

@When("the user enters the usario information")
public void the_user_enters_the_usario_information() {
    // Write code here that turns the phrase above into concrete actions
    throw new io.cucumber.java.PendingException();
}

@Then("the user should be able to login")
public void the_user_should_be_able_to_login() {
    // Write code here that turns the phrase above into concrete actions
    throw new io.cucumber.java.PendingException();
}


]]></system-out>
  </testcase>
</testsuite>